2026-01-20 22:06:46,534 - SchemeStealer - INFO - Initializing SchemeStealer Engine v2.6 (ML-Enhanced)
2026-01-20 22:06:46,546 - SchemeStealer - INFO - Paint matcher initialized with 149 paints
2026-01-20 22:06:46,547 - SchemeStealer - INFO - Engine initialization complete - ML features enabled
2026-01-20 22:06:46,547 - SchemeStealer - INFO - Initializing SchemeStealer Engine v2.6 (ML-Enhanced)
2026-01-20 22:06:46,555 - SchemeStealer - INFO - Paint matcher initialized with 149 paints
2026-01-20 22:06:46,556 - SchemeStealer - INFO - Engine initialization complete - ML features enabled
2026-01-20 22:07:08,200 - SchemeStealer - INFO - Initializing SchemeStealer Engine v2.6 (ML-Enhanced)
2026-01-20 22:07:08,213 - SchemeStealer - INFO - Paint matcher initialized with 149 paints
2026-01-20 22:07:08,214 - SchemeStealer - INFO - Engine initialization complete - ML features enabled
2026-01-20 22:07:08,215 - SchemeStealer - INFO - Initializing SchemeStealer Engine v2.6 (ML-Enhanced)
2026-01-20 22:07:08,223 - SchemeStealer - INFO - Paint matcher initialized with 149 paints
2026-01-20 22:07:08,224 - SchemeStealer - INFO - Engine initialization complete - ML features enabled
2026-01-20 22:31:28,228 - SchemeStealer - INFO - Initializing SchemeStealer Engine v2.6 (ML-Enhanced)
2026-01-20 22:31:28,261 - SchemeStealer - INFO - Paint matcher initialized with 149 paints
2026-01-20 22:31:28,262 - SchemeStealer - INFO - Engine initialization complete - ML features enabled
2026-01-20 22:31:28,263 - SchemeStealer - INFO - Initializing SchemeStealer Engine v2.6 (ML-Enhanced)
2026-01-20 22:31:28,280 - SchemeStealer - INFO - Paint matcher initialized with 149 paints
2026-01-20 22:31:28,280 - SchemeStealer - INFO - Engine initialization complete - ML features enabled
2026-01-20 22:31:38,823 - SchemeStealer - INFO - Starting photo quality assessment
2026-01-20 22:31:39,007 - SchemeStealer - INFO - Photo quality score: 100/100 (Excellent)
2026-01-20 22:31:41,437 - SchemeStealer - INFO - Starting base detection v2.0 on 300x312 image
2026-01-20 22:31:42,087 - SchemeStealer - INFO - Base detection complete: removed 17.6% as base material
2026-01-20 22:31:42,087 - SchemeStealer - INFO - Starting smart color extraction (FINAL VERSION)
2026-01-20 22:31:42,107 - SchemeStealer - INFO - Initial clustering into 12 clusters...
2026-01-20 22:31:44,781 - SchemeStealer - INFO - After shadow filtering: 8 clusters remain
2026-01-20 22:31:44,786 - SchemeStealer - INFO - Deduplicating 3 clusters of family 'Blue'
2026-01-20 22:31:44,786 - SchemeStealer - INFO - Deduplicating 2 clusters of family 'Red'
2026-01-20 22:31:44,786 - SchemeStealer - INFO - Deduplicating 2 clusters of family 'Yellow'
2026-01-20 22:31:44,786 - SchemeStealer - INFO - Final: 4 major + 0 details
2026-01-20 22:31:44,786 - SchemeStealer - INFO -   Grey: 37.2% (conf=0.67)
2026-01-20 22:31:44,792 - SchemeStealer - INFO -   Blue: 37.1% (conf=0.77)
2026-01-20 22:31:44,793 - SchemeStealer - INFO -   Yellow: 18.6% (conf=0.67)
2026-01-20 22:31:44,794 - SchemeStealer - INFO -   Red: 7.1% (conf=0.81)
2026-01-21 20:47:02,073 - SchemeStealer - INFO - Initializing SchemeStealer Engine v2.6 (ML-Enhanced)
2026-01-21 20:47:02,210 - SchemeStealer - INFO - Paint matcher initialized with 149 paints
2026-01-21 20:47:02,211 - SchemeStealer - INFO - Engine initialization complete - ML features enabled
2026-01-21 20:47:02,212 - SchemeStealer - INFO - Initializing SchemeStealer Engine v2.6 (ML-Enhanced)
2026-01-21 20:47:02,229 - SchemeStealer - INFO - Paint matcher initialized with 149 paints
2026-01-21 20:47:02,230 - SchemeStealer - INFO - Engine initialization complete - ML features enabled
2026-01-21 20:47:05,876 - SchemeStealer - INFO - Initializing SchemeStealer Engine v2.6 (ML-Enhanced)
2026-01-21 20:47:05,898 - SchemeStealer - INFO - Paint matcher initialized with 149 paints
2026-01-21 20:47:05,899 - SchemeStealer - INFO - Engine initialization complete - ML features enabled
2026-01-21 20:47:05,901 - SchemeStealer - INFO - Initializing SchemeStealer Engine v2.6 (ML-Enhanced)
2026-01-21 20:47:05,920 - SchemeStealer - INFO - Paint matcher initialized with 149 paints
2026-01-21 20:47:05,921 - SchemeStealer - INFO - Engine initialization complete - ML features enabled
2026-01-21 20:47:06,355 - SchemeStealer - INFO - Initializing SchemeStealer Engine v2.6 (ML-Enhanced)
2026-01-21 20:47:06,373 - SchemeStealer - INFO - Paint matcher initialized with 149 paints
2026-01-21 20:47:06,374 - SchemeStealer - INFO - Engine initialization complete - ML features enabled
2026-01-21 20:47:06,375 - SchemeStealer - INFO - Initializing SchemeStealer Engine v2.6 (ML-Enhanced)
2026-01-21 20:47:06,395 - SchemeStealer - INFO - Paint matcher initialized with 149 paints
2026-01-21 20:47:06,396 - SchemeStealer - INFO - Engine initialization complete - ML features enabled
2026-01-21 20:50:49,002 - SchemeStealer - INFO - Starting photo quality assessment
2026-01-21 20:50:49,273 - SchemeStealer - INFO - Photo quality score: 100/100 (Excellent)
2026-01-21 20:50:52,370 - SchemeStealer - INFO - Starting base detection v2.0 on 300x312 image
2026-01-21 20:50:53,020 - SchemeStealer - INFO - Base detection complete: removed 17.6% as base material
2026-01-21 20:50:53,021 - SchemeStealer - INFO - Starting smart color extraction (FINAL VERSION)
2026-01-21 20:50:53,043 - SchemeStealer - INFO - Initial clustering into 12 clusters...
2026-01-21 20:50:55,684 - SchemeStealer - INFO - After shadow filtering: 8 clusters remain
2026-01-21 20:50:55,686 - SchemeStealer - INFO - Deduplicating 3 clusters of family 'Blue'
2026-01-21 20:50:55,687 - SchemeStealer - INFO - Deduplicating 2 clusters of family 'Red'
2026-01-21 20:50:55,688 - SchemeStealer - INFO - Deduplicating 2 clusters of family 'Yellow'
2026-01-21 20:50:55,689 - SchemeStealer - INFO - Final: 4 major + 0 details
2026-01-21 20:50:55,691 - SchemeStealer - INFO -   Grey: 37.2% (conf=0.67)
2026-01-21 20:50:55,692 - SchemeStealer - INFO -   Blue: 37.1% (conf=0.77)
2026-01-21 20:50:55,693 - SchemeStealer - INFO -   Yellow: 18.6% (conf=0.67)
2026-01-21 20:50:55,694 - SchemeStealer - INFO -   Red: 7.1% (conf=0.81)
2026-01-21 20:55:19,872 - SchemeStealer - INFO - Starting photo quality assessment
2026-01-21 20:55:19,941 - SchemeStealer - WARNING - Blurry image detected
2026-01-21 20:55:19,964 - SchemeStealer - INFO - Underexposure corrected
2026-01-21 20:55:19,982 - SchemeStealer - INFO - Photo quality score: 45/100 (Fair)
2026-01-21 20:55:20,173 - SchemeStealer - INFO - Starting smart color extraction (FINAL VERSION)
2026-01-21 20:55:20,197 - SchemeStealer - INFO - Initial clustering into 15 clusters...
2026-01-21 20:55:20,918 - SchemeStealer - INFO - After shadow filtering: 6 clusters remain
2026-01-21 20:55:20,919 - SchemeStealer - INFO - Deduplicating 5 clusters of family 'Grey'
2026-01-21 20:55:20,920 - SchemeStealer - INFO - Final: 1 major + 1 details
2026-01-21 20:55:20,921 - SchemeStealer - INFO -   Grey: 98.7% (conf=0.80)
2026-01-21 20:55:20,922 - SchemeStealer - INFO -   Blue: 1.3% (conf=0.70)
2026-01-21 20:56:52,759 - SchemeStealer - INFO - Starting photo quality assessment
2026-01-21 20:56:52,825 - SchemeStealer - WARNING - Blurry image detected
2026-01-21 20:56:52,850 - SchemeStealer - INFO - Underexposure corrected
2026-01-21 20:56:52,875 - SchemeStealer - INFO - Photo quality score: 45/100 (Fair)
2026-01-21 20:56:53,084 - SchemeStealer - INFO - Starting smart color extraction (FINAL VERSION)
2026-01-21 20:56:53,107 - SchemeStealer - INFO - Initial clustering into 15 clusters...
2026-01-21 20:56:53,890 - SchemeStealer - INFO - After shadow filtering: 6 clusters remain
2026-01-21 20:56:53,892 - SchemeStealer - INFO - Deduplicating 5 clusters of family 'Grey'
2026-01-21 20:56:53,893 - SchemeStealer - INFO - Final: 1 major + 1 details
2026-01-21 20:56:53,894 - SchemeStealer - INFO -   Grey: 98.7% (conf=0.80)
2026-01-21 20:56:53,895 - SchemeStealer - INFO -   Blue: 1.3% (conf=0.70)
2026-01-21 20:57:57,900 - SchemeStealer - INFO - Starting photo quality assessment
2026-01-21 20:57:57,944 - SchemeStealer - INFO - Photo quality score: 100/100 (Excellent)
2026-01-21 20:58:00,475 - SchemeStealer - INFO - Starting base detection v2.0 on 300x312 image
2026-01-21 20:58:00,494 - SchemeStealer - INFO - Base detection complete: removed 17.6% as base material
2026-01-21 20:58:00,496 - SchemeStealer - INFO - Starting smart color extraction (FINAL VERSION)
2026-01-21 20:58:00,519 - SchemeStealer - INFO - Initial clustering into 12 clusters...
2026-01-21 20:58:01,151 - SchemeStealer - INFO - After shadow filtering: 8 clusters remain
2026-01-21 20:58:01,152 - SchemeStealer - INFO - Deduplicating 3 clusters of family 'Blue'
2026-01-21 20:58:01,153 - SchemeStealer - INFO - Deduplicating 2 clusters of family 'Red'
2026-01-21 20:58:01,154 - SchemeStealer - INFO - Deduplicating 2 clusters of family 'Yellow'
2026-01-21 20:58:01,155 - SchemeStealer - INFO - Final: 4 major + 0 details
2026-01-21 20:58:01,157 - SchemeStealer - INFO -   Grey: 37.2% (conf=0.67)
2026-01-21 20:58:01,157 - SchemeStealer - INFO -   Blue: 37.1% (conf=0.77)
2026-01-21 20:58:01,158 - SchemeStealer - INFO -   Yellow: 18.6% (conf=0.67)
2026-01-21 20:58:01,159 - SchemeStealer - INFO -   Red: 7.1% (conf=0.81)
2026-01-21 21:30:48,710 - SchemeStealer - INFO - Initializing SchemeStealer Engine v2.6 (ML-Enhanced)
2026-01-21 21:30:48,733 - SchemeStealer - INFO - Paint matcher initialized with 149 paints
2026-01-21 21:30:48,734 - SchemeStealer - INFO - Engine initialization complete - ML features enabled
2026-01-21 21:30:48,735 - SchemeStealer - INFO - Initializing SchemeStealer Engine v2.6 (ML-Enhanced)
2026-01-21 21:30:48,755 - SchemeStealer - INFO - Paint matcher initialized with 149 paints
2026-01-21 21:30:48,756 - SchemeStealer - INFO - Engine initialization complete - ML features enabled
2026-01-21 21:30:48,901 - SchemeStealer - INFO - Initializing SchemeStealer Engine v2.6 (ML-Enhanced)
2026-01-21 21:30:48,925 - SchemeStealer - INFO - Paint matcher initialized with 149 paints
2026-01-21 21:30:48,926 - SchemeStealer - INFO - Engine initialization complete - ML features enabled
2026-01-21 21:30:48,927 - SchemeStealer - INFO - Initializing SchemeStealer Engine v2.6 (ML-Enhanced)
2026-01-21 21:30:48,945 - SchemeStealer - INFO - Paint matcher initialized with 149 paints
2026-01-21 21:30:48,946 - SchemeStealer - INFO - Engine initialization complete - ML features enabled
2026-01-21 21:31:25,564 - SchemeStealer - INFO - Starting photo quality assessment
2026-01-21 21:31:25,772 - SchemeStealer - INFO - Photo quality score: 100/100 (Excellent)
2026-01-21 21:31:28,237 - SchemeStealer - INFO - Starting base detection v2.0 on 300x312 image
2026-01-21 21:31:28,302 - SchemeStealer - INFO - Base detection complete: removed 17.6% as base material
2026-01-21 21:31:28,303 - SchemeStealer - INFO - Starting smart color extraction (FINAL VERSION)
2026-01-21 21:31:28,325 - SchemeStealer - INFO - Initial clustering into 12 clusters...
2026-01-21 21:31:30,445 - SchemeStealer - INFO - After shadow filtering: 8 clusters remain
2026-01-21 21:31:30,446 - SchemeStealer - INFO - Deduplicating 3 clusters of family 'Blue'
2026-01-21 21:31:30,447 - SchemeStealer - INFO - Deduplicating 2 clusters of family 'Red'
2026-01-21 21:31:30,448 - SchemeStealer - INFO - Deduplicating 2 clusters of family 'Yellow'
2026-01-21 21:31:30,449 - SchemeStealer - INFO - Final: 4 major + 0 details
2026-01-21 21:31:30,450 - SchemeStealer - INFO -   Grey: 37.2% (conf=0.67)
2026-01-21 21:31:30,451 - SchemeStealer - INFO -   Blue: 37.1% (conf=0.77)
2026-01-21 21:31:30,452 - SchemeStealer - INFO -   Yellow: 18.6% (conf=0.67)
2026-01-21 21:31:30,453 - SchemeStealer - INFO -   Red: 7.1% (conf=0.81)
2026-01-22 09:48:06,234 - SchemeStealer - INFO - Initializing SchemeStealer Engine v2.6 (ML-Enhanced)
2026-01-22 09:48:06,415 - SchemeStealer - INFO - Paint matcher initialized with 149 paints
2026-01-22 09:48:06,415 - SchemeStealer - INFO - Engine initialization complete - ML features enabled
2026-01-22 09:48:06,415 - SchemeStealer - INFO - Initializing SchemeStealer Engine v2.6 (ML-Enhanced)
2026-01-22 09:48:06,433 - SchemeStealer - INFO - Paint matcher initialized with 149 paints
2026-01-22 09:48:06,433 - SchemeStealer - INFO - Engine initialization complete - ML features enabled
2026-01-22 09:48:10,841 - SchemeStealer - INFO - Initializing SchemeStealer Engine v2.6 (ML-Enhanced)
2026-01-22 09:48:10,869 - SchemeStealer - INFO - Paint matcher initialized with 149 paints
2026-01-22 09:48:10,871 - SchemeStealer - INFO - Engine initialization complete - ML features enabled
2026-01-22 09:48:10,873 - SchemeStealer - INFO - Initializing SchemeStealer Engine v2.6 (ML-Enhanced)
2026-01-22 09:48:10,897 - SchemeStealer - INFO - Paint matcher initialized with 149 paints
2026-01-22 09:48:10,898 - SchemeStealer - INFO - Engine initialization complete - ML features enabled
2026-01-22 09:48:11,395 - SchemeStealer - INFO - Initializing SchemeStealer Engine v2.6 (ML-Enhanced)
2026-01-22 09:48:11,414 - SchemeStealer - INFO - Paint matcher initialized with 149 paints
2026-01-22 09:48:11,415 - SchemeStealer - INFO - Engine initialization complete - ML features enabled
2026-01-22 09:48:11,416 - SchemeStealer - INFO - Initializing SchemeStealer Engine v2.6 (ML-Enhanced)
2026-01-22 09:48:11,435 - SchemeStealer - INFO - Paint matcher initialized with 149 paints
2026-01-22 09:48:11,437 - SchemeStealer - INFO - Engine initialization complete - ML features enabled
2026-01-22 12:03:56,416 - SchemeStealer - INFO - Initializing SchemeStealer Engine v2.6 (ML-Enhanced)
2026-01-22 12:03:56,596 - SchemeStealer - INFO - Paint matcher initialized with 149 paints
2026-01-22 12:03:56,596 - SchemeStealer - INFO - Engine initialization complete - ML features enabled
2026-01-22 12:03:56,596 - SchemeStealer - INFO - Initializing SchemeStealer Engine v2.6 (ML-Enhanced)
2026-01-22 12:03:56,616 - SchemeStealer - INFO - Paint matcher initialized with 149 paints
2026-01-22 12:03:56,617 - SchemeStealer - INFO - Engine initialization complete - ML features enabled
2026-01-22 12:04:00,526 - SchemeStealer - INFO - Initializing SchemeStealer Engine v2.6 (ML-Enhanced)
2026-01-22 12:04:00,550 - SchemeStealer - INFO - Paint matcher initialized with 149 paints
2026-01-22 12:04:00,551 - SchemeStealer - INFO - Engine initialization complete - ML features enabled
2026-01-22 12:04:00,552 - SchemeStealer - INFO - Initializing SchemeStealer Engine v2.6 (ML-Enhanced)
2026-01-22 12:04:00,571 - SchemeStealer - INFO - Paint matcher initialized with 149 paints
2026-01-22 12:04:00,572 - SchemeStealer - INFO - Engine initialization complete - ML features enabled
2026-01-22 12:04:00,892 - SchemeStealer - INFO - Initializing SchemeStealer Engine v2.6 (ML-Enhanced)
2026-01-22 12:04:00,912 - SchemeStealer - INFO - Paint matcher initialized with 149 paints
2026-01-22 12:04:00,913 - SchemeStealer - INFO - Engine initialization complete - ML features enabled
2026-01-22 12:04:00,915 - SchemeStealer - INFO - Initializing SchemeStealer Engine v2.6 (ML-Enhanced)
2026-01-22 12:04:00,939 - SchemeStealer - INFO - Paint matcher initialized with 149 paints
2026-01-22 12:04:00,940 - SchemeStealer - INFO - Engine initialization complete - ML features enabled
